0 info it worked if it ends with ok
1 verbose cli [ 'C:\\Program Files\\nodejs\\node.exe',
1 verbose cli   'C:\\Program Files\\nodejs\\node_modules\\npm\\bin\\npm-cli.js',
1 verbose cli   'install',
1 verbose cli   'bootstrap@next' ]
2 info using npm@3.10.10
3 info using node@v6.11.5
4 silly loadCurrentTree Starting
5 silly install loadCurrentTree
6 silly install readLocalPackageData
7 silly fetchPackageMetaData bootstrap@next
8 silly fetchNamedPackageData bootstrap
9 silly mapToRegistry name bootstrap
10 silly mapToRegistry using default registry
11 silly mapToRegistry registry https://registry.npmjs.org/
12 silly mapToRegistry data Result {
12 silly mapToRegistry   raw: 'bootstrap',
12 silly mapToRegistry   scope: null,
12 silly mapToRegistry   escapedName: 'bootstrap',
12 silly mapToRegistry   name: 'bootstrap',
12 silly mapToRegistry   rawSpec: '',
12 silly mapToRegistry   spec: 'latest',
12 silly mapToRegistry   type: 'tag' }
13 silly mapToRegistry uri https://registry.npmjs.org/bootstrap
14 verbose request uri https://registry.npmjs.org/bootstrap
15 verbose request no auth needed
16 info attempt registry request try #1 at 5:48:42 PM
17 verbose request id 3573d686b5eef70b
18 verbose etag "5accdf04-17616"
19 verbose lastModified Tue, 10 Apr 2018 15:57:56 GMT
20 http request GET https://registry.npmjs.org/bootstrap
21 http 304 https://registry.npmjs.org/bootstrap
22 verbose headers { date: 'Wed, 18 Apr 2018 21:48:42 GMT',
22 verbose headers   via: '1.1 varnish',
22 verbose headers   'cache-control': 'max-age=300',
22 verbose headers   etag: '"5accdf04-17616"',
22 verbose headers   age: '13685',
22 verbose headers   connection: 'keep-alive',
22 verbose headers   'x-served-by': 'cache-mia17630-MIA',
22 verbose headers   'x-cache': 'HIT',
22 verbose headers   'x-cache-hits': '16',
22 verbose headers   'x-timer': 'S1524088123.820836,VS0,VE0',
22 verbose headers   vary: 'Accept-Encoding, Accept' }
23 silly get cb [ 304,
23 silly get   { date: 'Wed, 18 Apr 2018 21:48:42 GMT',
23 silly get     via: '1.1 varnish',
23 silly get     'cache-control': 'max-age=300',
23 silly get     etag: '"5accdf04-17616"',
23 silly get     age: '13685',
23 silly get     connection: 'keep-alive',
23 silly get     'x-served-by': 'cache-mia17630-MIA',
23 silly get     'x-cache': 'HIT',
23 silly get     'x-cache-hits': '16',
23 silly get     'x-timer': 'S1524088123.820836,VS0,VE0',
23 silly get     vary: 'Accept-Encoding, Accept' } ]
24 verbose etag https://registry.npmjs.org/bootstrap from cache
25 verbose get saving bootstrap to C:\Users\wsully\AppData\Roaming\npm-cache\registry.npmjs.org\bootstrap\.cache.json
26 verbose correctMkdir C:\Users\wsully\AppData\Roaming\npm-cache correctMkdir not in flight; initializing
27 silly fetchNamedPackageData No valid target from cache, forcing network
28 verbose request uri https://registry.npmjs.org/bootstrap
29 verbose request no auth needed
30 info attempt registry request try #1 at 5:48:42 PM
31 http request GET https://registry.npmjs.org/bootstrap
32 http 200 https://registry.npmjs.org/bootstrap
33 verbose headers { 'content-type': 'application/json; charset=UTF-8',
33 verbose headers   server: 'UploadServer',
33 verbose headers   'cache-control': 'max-age=300',
33 verbose headers   'last-modified': 'Tue, 10 Apr 2018 15:57:56 GMT',
33 verbose headers   etag: '"5accdf04-17616"',
33 verbose headers   'x-npm-region': 'US-East',
33 verbose headers   'content-encoding': 'gzip',
33 verbose headers   'content-length': '15262',
33 verbose headers   'accept-ranges': 'bytes',
33 verbose headers   date: 'Wed, 18 Apr 2018 21:48:42 GMT',
33 verbose headers   via: '1.1 varnish',
33 verbose headers   age: '13685',
33 verbose headers   connection: 'keep-alive',
33 verbose headers   'x-served-by': 'cache-mia17630-MIA',
33 verbose headers   'x-cache': 'HIT',
33 verbose headers   'x-cache-hits': '17',
33 verbose headers   'x-timer': 'S1524088123.863439,VS0,VE0',
33 verbose headers   vary: 'Accept-Encoding, Accept' }
34 silly get cb [ 200,
34 silly get   { 'content-type': 'application/json; charset=UTF-8',
34 silly get     server: 'UploadServer',
34 silly get     'cache-control': 'max-age=300',
34 silly get     'last-modified': 'Tue, 10 Apr 2018 15:57:56 GMT',
34 silly get     etag: '"5accdf04-17616"',
34 silly get     'x-npm-region': 'US-East',
34 silly get     'content-encoding': 'gzip',
34 silly get     'content-length': '15262',
34 silly get     'accept-ranges': 'bytes',
34 silly get     date: 'Wed, 18 Apr 2018 21:48:42 GMT',
34 silly get     via: '1.1 varnish',
34 silly get     age: '13685',
34 silly get     connection: 'keep-alive',
34 silly get     'x-served-by': 'cache-mia17630-MIA',
34 silly get     'x-cache': 'HIT',
34 silly get     'x-cache-hits': '17',
34 silly get     'x-timer': 'S1524088123.863439,VS0,VE0',
34 silly get     vary: 'Accept-Encoding, Accept' } ]
35 verbose get saving bootstrap to C:\Users\wsully\AppData\Roaming\npm-cache\registry.npmjs.org\bootstrap\.cache.json
36 verbose correctMkdir C:\Users\wsully\AppData\Roaming\npm-cache correctMkdir not in flight; initializing
37 silly fetchPackageMetaData Error: No compatible version found: bootstrap@next
37 silly fetchPackageMetaData Valid install targets:
37 silly fetchPackageMetaData 4.1.0, 4.0.0, 4.0.0-beta.3, 4.0.0-beta.2, 4.0.0-beta, 4.0.0-alpha.6, 4.0.0-alpha.5, 4.0.0-alpha.4, 4.0.0-alpha.3, 4.0.0-alpha.2, 3.3.7, 3.3.6, 3.3.5, 3.3.4, 3.3.2, 3.3.1, 3.3.0, 3.2.0, 3.1.1, 0.0.2, 0.0.1
37 silly fetchPackageMetaData
37 silly fetchPackageMetaData     at pickVersionFromRegistryDocument (C:\Program Files\nodejs\node_modules\npm\lib\fetch-package-metadata.js:178:16)
37 silly fetchPackageMetaData     at C:\Program Files\nodejs\node_modules\npm\node_modules\iferr\index.js:13:50
37 silly fetchPackageMetaData     at C:\Program Files\nodejs\node_modules\npm\lib\utils\pulse-till-done.js:20:8
37 silly fetchPackageMetaData     at saved (C:\Program Files\nodejs\node_modules\npm\lib\cache\caching-client.js:174:7)
37 silly fetchPackageMetaData     at C:\Program Files\nodejs\node_modules\npm\node_modules\graceful-fs\polyfills.js:241:18
37 silly fetchPackageMetaData     at FSReqWrap.oncomplete (fs.js:123:15)
37 silly fetchPackageMetaData  error for bootstrap@next { Error: No compatible version found: bootstrap@next
37 silly fetchPackageMetaData Valid install targets:
37 silly fetchPackageMetaData 4.1.0, 4.0.0, 4.0.0-beta.3, 4.0.0-beta.2, 4.0.0-beta, 4.0.0-alpha.6, 4.0.0-alpha.5, 4.0.0-alpha.4, 4.0.0-alpha.3, 4.0.0-alpha.2, 3.3.7, 3.3.6, 3.3.5, 3.3.4, 3.3.2, 3.3.1, 3.3.0, 3.2.0, 3.1.1, 0.0.2, 0.0.1
37 silly fetchPackageMetaData
37 silly fetchPackageMetaData     at pickVersionFromRegistryDocument (C:\Program Files\nodejs\node_modules\npm\lib\fetch-package-metadata.js:178:16)
37 silly fetchPackageMetaData     at C:\Program Files\nodejs\node_modules\npm\node_modules\iferr\index.js:13:50
37 silly fetchPackageMetaData     at C:\Program Files\nodejs\node_modules\npm\lib\utils\pulse-till-done.js:20:8
37 silly fetchPackageMetaData     at saved (C:\Program Files\nodejs\node_modules\npm\lib\cache\caching-client.js:174:7)
37 silly fetchPackageMetaData     at C:\Program Files\nodejs\node_modules\npm\node_modules\graceful-fs\polyfills.js:241:18
37 silly fetchPackageMetaData     at FSReqWrap.oncomplete (fs.js:123:15) code: 'ETARGET' }
38 silly rollbackFailedOptional Starting
39 silly rollbackFailedOptional Finishing
40 silly runTopLevelLifecycles Finishing
41 silly install printInstalled
42 verbose stack Error: No compatible version found: bootstrap@next
42 verbose stack Valid install targets:
42 verbose stack 4.1.0, 4.0.0, 4.0.0-beta.3, 4.0.0-beta.2, 4.0.0-beta, 4.0.0-alpha.6, 4.0.0-alpha.5, 4.0.0-alpha.4, 4.0.0-alpha.3, 4.0.0-alpha.2, 3.3.7, 3.3.6, 3.3.5, 3.3.4, 3.3.2, 3.3.1, 3.3.0, 3.2.0, 3.1.1, 0.0.2, 0.0.1
42 verbose stack
42 verbose stack     at pickVersionFromRegistryDocument (C:\Program Files\nodejs\node_modules\npm\lib\fetch-package-metadata.js:178:16)
42 verbose stack     at C:\Program Files\nodejs\node_modules\npm\node_modules\iferr\index.js:13:50
42 verbose stack     at C:\Program Files\nodejs\node_modules\npm\lib\utils\pulse-till-done.js:20:8
42 verbose stack     at saved (C:\Program Files\nodejs\node_modules\npm\lib\cache\caching-client.js:174:7)
42 verbose stack     at C:\Program Files\nodejs\node_modules\npm\node_modules\graceful-fs\polyfills.js:241:18
42 verbose stack     at FSReqWrap.oncomplete (fs.js:123:15)
43 verbose cwd C:\Workspace\Angular\telerik\tree
44 error Windows_NT 10.0.16299
45 error argv "C:\\Program Files\\nodejs\\node.exe" "C:\\Program Files\\nodejs\\node_modules\\npm\\bin\\npm-cli.js" "install" "bootstrap@next"
46 error node v6.11.5
47 error npm  v3.10.10
48 error code ETARGET
49 error notarget No compatible version found: bootstrap@next
49 error notarget Valid install targets:
49 error notarget 4.1.0, 4.0.0, 4.0.0-beta.3, 4.0.0-beta.2, 4.0.0-beta, 4.0.0-alpha.6, 4.0.0-alpha.5, 4.0.0-alpha.4, 4.0.0-alpha.3, 4.0.0-alpha.2, 3.3.7, 3.3.6, 3.3.5, 3.3.4, 3.3.2, 3.3.1, 3.3.0, 3.2.0, 3.1.1, 0.0.2, 0.0.1
50 error notarget This is most likely not a problem with npm itself.
50 error notarget In most cases you or one of your dependencies are requesting
50 error notarget a package version that doesn't exist.
51 verbose exit [ 1, true ]
